2017-12-04 00:07:53.228  INFO 13372 --- [main] c.r.b.t.rest.TransferRestApplication     : Starting TransferRestApplication v0.1.0-SNAPSHOT on INL-DYS2T02 with PID 13372 (C:\MyWork\banking-service\target\transfer.jar started by raquibul.hasan in C:\MyWork\banking-service)
2017-12-04 00:07:53.293 DEBUG 13372 --- [main] c.r.b.t.rest.TransferRestApplication     : Running with Spring Boot v1.5.9.RELEASE, Spring v4.3.13.RELEASE
2017-12-04 00:07:53.293  INFO 13372 --- [main] c.r.b.t.rest.TransferRestApplication     : The following profiles are active: dev
2017-12-04 00:08:04.806 DEBUG 13372 --- [main] org.hibernate.SQL                        : drop table account if exists
2017-12-04 00:08:04.833 DEBUG 13372 --- [main] org.hibernate.SQL                        : drop table transfer if exists
2017-12-04 00:08:04.841 DEBUG 13372 --- [main] org.hibernate.SQL                        : create table account (id bigint generated by default as identity, balance decimal(19,2) not null, name varchar(255) not null, primary key (id))
2017-12-04 00:08:04.858 DEBUG 13372 --- [main] org.hibernate.SQL                        : create table transfer (id bigint generated by default as identity, amount decimal(19,2) not null, from_account varchar(255) not null, to_account varchar(255) not null, transaction_date timestamp not null, primary key (id))
2017-12-04 00:08:09.788  INFO 13372 --- [main] c.r.b.t.rest.TransferRestApplication     : Started TransferRestApplication in 17.913 seconds (JVM running for 19.03)
2017-12-04 00:08:36.776 DEBUG 13372 --- [http-nio-9988-exec-1] c.r.b.t.r.c.AccountRestController        : addAccount :: controller invoked transfer=Transfer{fromAccount=123, toAccount=999, amount=100, transferDate=null}
2017-12-04 00:08:36.854 DEBUG 13372 --- [http-nio-9988-exec-1] org.hibernate.SQL                        : select transfer0_.id as id1_1_0_, transfer0_.amount as amount2_1_0_, transfer0_.from_account as from_acc3_1_0_, transfer0_.to_account as to_accou4_1_0_, transfer0_.transaction_date as transact5_1_0_ from transfer transfer0_ where transfer0_.id=?
2017-12-04 00:08:36.972 DEBUG 13372 --- [http-nio-9988-exec-1] org.hibernate.SQL                        : insert into transfer (id, amount, from_account, to_account, transaction_date) values (null, ?, ?, ?, ?)
2017-12-04 00:09:04.369 DEBUG 13372 --- [http-nio-9988-exec-3] c.r.b.t.r.c.AccountRestController        : addAccount :: controller invoked transfer=Transfer{fromAccount=123, toAccount=999, amount=33, transferDate=null}
2017-12-04 00:09:04.370 DEBUG 13372 --- [http-nio-9988-exec-3] org.hibernate.SQL                        : select transfer0_.id as id1_1_0_, transfer0_.amount as amount2_1_0_, transfer0_.from_account as from_acc3_1_0_, transfer0_.to_account as to_accou4_1_0_, transfer0_.transaction_date as transact5_1_0_ from transfer transfer0_ where transfer0_.id=?
2017-12-04 00:09:04.371 DEBUG 13372 --- [http-nio-9988-exec-3] org.hibernate.SQL                        : insert into transfer (id, amount, from_account, to_account, transaction_date) values (null, ?, ?, ?, ?)
2017-12-04 00:09:22.823 DEBUG 13372 --- [http-nio-9988-exec-4] c.r.b.t.r.c.AccountRestController        : addAccount :: controller invoked transfer=Transfer{fromAccount=123, toAccount=999, amount=399, transferDate=null}
2017-12-04 00:09:22.823 DEBUG 13372 --- [http-nio-9988-exec-4] org.hibernate.SQL                        : select transfer0_.id as id1_1_0_, transfer0_.amount as amount2_1_0_, transfer0_.from_account as from_acc3_1_0_, transfer0_.to_account as to_accou4_1_0_, transfer0_.transaction_date as transact5_1_0_ from transfer transfer0_ where transfer0_.id=?
2017-12-04 00:09:22.823 DEBUG 13372 --- [http-nio-9988-exec-4] org.hibernate.SQL                        : insert into transfer (id, amount, from_account, to_account, transaction_date) values (null, ?, ?, ?, ?)
2017-12-04 00:09:36.113 DEBUG 13372 --- [http-nio-9988-exec-5] c.r.b.t.r.c.AccountRestController        : getTransactions :: controller invoked, startDate=Sat Jun 03 00:00:00 CEST 2017, endDate=Fri Nov 03 00:00:00 CET 2017
2017-12-04 00:09:36.480 DEBUG 13372 --- [http-nio-9988-exec-5] org.hibernate.SQL                        : select transfer0_.id as id1_1_, transfer0_.amount as amount2_1_, transfer0_.from_account as from_acc3_1_, transfer0_.to_account as to_accou4_1_, transfer0_.transaction_date as transact5_1_ from transfer transfer0_ where transfer0_.transaction_date between ? and ?
2017-12-04 00:09:47.629 DEBUG 13372 --- [http-nio-9988-exec-6] c.r.b.t.r.c.AccountRestController        : getTransactions :: controller invoked, startDate=Sat Jun 03 00:00:00 CEST 2017, endDate=Sun Dec 03 00:00:00 CET 2017
2017-12-04 00:09:47.630 DEBUG 13372 --- [http-nio-9988-exec-6] org.hibernate.SQL                        : select transfer0_.id as id1_1_, transfer0_.amount as amount2_1_, transfer0_.from_account as from_acc3_1_, transfer0_.to_account as to_accou4_1_, transfer0_.transaction_date as transact5_1_ from transfer transfer0_ where transfer0_.transaction_date between ? and ?
2017-12-04 00:09:58.670 DEBUG 13372 --- [http-nio-9988-exec-7] c.r.b.t.r.c.AccountRestController        : getTransactions :: controller invoked, startDate=Sat Jun 03 00:00:00 CEST 2017, endDate=Sun Dec 03 00:00:00 CET 2017
2017-12-04 00:09:58.671 DEBUG 13372 --- [http-nio-9988-exec-7] org.hibernate.SQL                        : select transfer0_.id as id1_1_, transfer0_.amount as amount2_1_, transfer0_.from_account as from_acc3_1_, transfer0_.to_account as to_accou4_1_, transfer0_.transaction_date as transact5_1_ from transfer transfer0_ where transfer0_.transaction_date between ? and ?
2017-12-04 00:10:11.891 DEBUG 13372 --- [http-nio-9988-exec-8] c.r.b.t.r.c.AccountRestController        : getTransactions :: controller invoked, startDate=Sat Jun 03 00:00:00 CEST 2017, endDate=Mon Dec 04 00:00:00 CET 2017
2017-12-04 00:10:11.891 DEBUG 13372 --- [http-nio-9988-exec-8] org.hibernate.SQL                        : select transfer0_.id as id1_1_, transfer0_.amount as amount2_1_, transfer0_.from_account as from_acc3_1_, transfer0_.to_account as to_accou4_1_, transfer0_.transaction_date as transact5_1_ from transfer transfer0_ where transfer0_.transaction_date between ? and ?
2017-12-04 00:10:57.519 DEBUG 13372 --- [http-nio-9988-exec-9] c.r.b.t.r.c.AccountRestController        : getTransactions :: controller invoked, startDate=Sat Jun 03 00:00:00 CEST 2017, endDate=Tue Dec 05 00:00:00 CET 2017
2017-12-04 00:10:57.529 DEBUG 13372 --- [http-nio-9988-exec-9] org.hibernate.SQL                        : select transfer0_.id as id1_1_, transfer0_.amount as amount2_1_, transfer0_.from_account as from_acc3_1_, transfer0_.to_account as to_accou4_1_, transfer0_.transaction_date as transact5_1_ from transfer transfer0_ where transfer0_.transaction_date between ? and ?
2017-12-04 00:13:13.132 DEBUG 13372 --- [http-nio-9988-exec-5] c.r.b.t.r.c.AccountRestController        : getAllTransactions :: controller invoked
2017-12-04 00:13:13.142 DEBUG 13372 --- [http-nio-9988-exec-5] org.hibernate.SQL                        : select transfer0_.id as id1_1_, transfer0_.amount as amount2_1_, transfer0_.from_account as from_acc3_1_, transfer0_.to_account as to_accou4_1_, transfer0_.transaction_date as transact5_1_ from transfer transfer0_
2017-12-04 00:48:04.354 DEBUG 13372 --- [Thread-4] org.hibernate.SQL                        : drop table account if exists
2017-12-04 00:48:04.369 DEBUG 13372 --- [Thread-4] org.hibernate.SQL                        : drop table transfer if exists
2017-12-04 01:10:48.714  INFO 1920 --- [main] c.r.b.t.rest.TransferRestApplication     : Starting TransferRestApplication v0.1.0-SNAPSHOT on INL-DYS2T02 with PID 1920 (C:\MyWork\banking-service\target\transfer.jar started by raquibul.hasan in C:\MyWork\banking-service)
2017-12-04 01:10:48.727 DEBUG 1920 --- [main] c.r.b.t.rest.TransferRestApplication     : Running with Spring Boot v1.5.9.RELEASE, Spring v4.3.13.RELEASE
2017-12-04 01:10:48.727  INFO 1920 --- [main] c.r.b.t.rest.TransferRestApplication     : The following profiles are active: dev
2017-12-04 01:11:00.486 DEBUG 1920 --- [main] org.hibernate.SQL                        : drop table account if exists
2017-12-04 01:11:00.486 DEBUG 1920 --- [main] org.hibernate.SQL                        : drop table transfer if exists
2017-12-04 01:11:00.502 DEBUG 1920 --- [main] org.hibernate.SQL                        : create table account (id bigint generated by default as identity, balance decimal(19,2) not null, name varchar(255) not null, primary key (id))
2017-12-04 01:11:00.527 DEBUG 1920 --- [main] org.hibernate.SQL                        : create table transfer (id bigint generated by default as identity, amount decimal(19,2) not null, from_account varchar(255) not null, to_account varchar(255) not null, transaction_date timestamp not null, primary key (id))
2017-12-04 01:11:05.665  INFO 1920 --- [main] c.r.b.t.rest.TransferRestApplication     : Started TransferRestApplication in 18.33 seconds (JVM running for 19.491)
2017-12-04 01:11:48.247 DEBUG 1920 --- [http-nio-9988-exec-2] c.r.b.t.r.c.AccountRestController        : addAccount :: controller invoked account=Account{name=raquibul, balance=500}
2017-12-04 01:11:48.365 DEBUG 1920 --- [http-nio-9988-exec-2] org.hibernate.SQL                        : select account0_.id as id1_0_0_, account0_.balance as balance2_0_0_, account0_.name as name3_0_0_ from account account0_ where account0_.id=?
2017-12-04 01:11:48.432 DEBUG 1920 --- [http-nio-9988-exec-2] org.hibernate.SQL                        : insert into account (id, balance, name) values (null, ?, ?)
2017-12-04 01:12:04.629 DEBUG 1920 --- [http-nio-9988-exec-3] c.r.b.t.r.c.AccountRestController        : addAccount :: controller invoked account=Account{name=rifah, balance=100}
2017-12-04 01:12:04.630 DEBUG 1920 --- [http-nio-9988-exec-3] org.hibernate.SQL                        : select account0_.id as id1_0_0_, account0_.balance as balance2_0_0_, account0_.name as name3_0_0_ from account account0_ where account0_.id=?
2017-12-04 01:12:04.664 DEBUG 1920 --- [http-nio-9988-exec-3] org.hibernate.SQL                        : update account set balance=?, name=? where id=?
2017-12-04 01:12:11.491 DEBUG 1920 --- [http-nio-9988-exec-4] c.r.b.t.r.c.AccountRestController        : getAllAccounts :: controller invoked
2017-12-04 01:12:11.791 DEBUG 1920 --- [http-nio-9988-exec-4] org.hibernate.SQL                        : select account0_.id as id1_0_, account0_.balance as balance2_0_, account0_.name as name3_0_ from account account0_
2017-12-04 01:12:50.095 DEBUG 1920 --- [http-nio-9988-exec-5] c.r.b.t.r.c.AccountRestController        : addAccount :: controller invoked account=Account{name=raquibul, balance=500}
2017-12-04 01:12:50.096 DEBUG 1920 --- [http-nio-9988-exec-5] org.hibernate.SQL                        : select account0_.id as id1_0_0_, account0_.balance as balance2_0_0_, account0_.name as name3_0_0_ from account account0_ where account0_.id=?
2017-12-04 01:12:50.098 DEBUG 1920 --- [http-nio-9988-exec-5] org.hibernate.SQL                        : insert into account (id, balance, name) values (null, ?, ?)
2017-12-04 01:13:00.933 DEBUG 1920 --- [http-nio-9988-exec-6] c.r.b.t.r.c.AccountRestController        : getAllAccounts :: controller invoked
2017-12-04 01:13:00.934 DEBUG 1920 --- [http-nio-9988-exec-6] org.hibernate.SQL                        : select account0_.id as id1_0_, account0_.balance as balance2_0_, account0_.name as name3_0_ from account account0_
2017-12-04 01:14:11.605 DEBUG 1920 --- [http-nio-9988-exec-9] c.r.b.t.r.c.AccountRestController        : addAccount :: controller invoked transfer=Transfer{fromAccount=raquibul, toAccount=rifah, amount=150, transferDate=null}
2017-12-04 01:14:11.704 DEBUG 1920 --- [http-nio-9988-exec-9] org.hibernate.SQL                        : select account0_.id as id1_0_, account0_.balance as balance2_0_, account0_.name as name3_0_ from account account0_ where account0_.name=? for update
2017-12-04 01:14:11.704 DEBUG 1920 --- [http-nio-9988-exec-9] org.hibernate.SQL                        : select account0_.id as id1_0_, account0_.balance as balance2_0_, account0_.name as name3_0_ from account account0_ where account0_.name=? for update
2017-12-04 01:14:11.719 DEBUG 1920 --- [http-nio-9988-exec-9] org.hibernate.SQL                        : insert into transfer (id, amount, from_account, to_account, transaction_date) values (null, ?, ?, ?, ?)
2017-12-04 01:14:11.719 DEBUG 1920 --- [http-nio-9988-exec-9] org.hibernate.SQL                        : update account set balance=?, name=? where id=?
2017-12-04 01:14:24.441 DEBUG 1920 --- [http-nio-9988-exec-10] c.r.b.t.r.c.AccountRestController        : getAllAccounts :: controller invoked
2017-12-04 01:14:24.442 DEBUG 1920 --- [http-nio-9988-exec-10] org.hibernate.SQL                        : select account0_.id as id1_0_, account0_.balance as balance2_0_, account0_.name as name3_0_ from account account0_
2017-12-04 01:15:03.011 DEBUG 1920 --- [Thread-4] org.hibernate.SQL                        : drop table account if exists
2017-12-04 01:15:03.029 DEBUG 1920 --- [Thread-4] org.hibernate.SQL                        : drop table transfer if exists
2017-12-04 01:15:59.208  INFO 10712 --- [main] c.r.b.t.rest.TransferRestApplication     : Starting TransferRestApplication v0.1.0-SNAPSHOT on INL-DYS2T02 with PID 10712 (C:\MyWork\banking-service\target\transfer.jar started by raquibul.hasan in C:\MyWork\banking-service)
2017-12-04 01:15:59.223 DEBUG 10712 --- [main] c.r.b.t.rest.TransferRestApplication     : Running with Spring Boot v1.5.9.RELEASE, Spring v4.3.13.RELEASE
2017-12-04 01:15:59.223  INFO 10712 --- [main] c.r.b.t.rest.TransferRestApplication     : The following profiles are active: dev
2017-12-04 01:16:11.090 DEBUG 10712 --- [main] org.hibernate.SQL                        : drop table account if exists
2017-12-04 01:16:11.095 DEBUG 10712 --- [main] org.hibernate.SQL                        : drop table transfer if exists
2017-12-04 01:16:11.095 DEBUG 10712 --- [main] org.hibernate.SQL                        : create table account (id bigint generated by default as identity, balance decimal(19,2) not null, name varchar(255) not null, primary key (id))
2017-12-04 01:16:11.115 DEBUG 10712 --- [main] org.hibernate.SQL                        : create table transfer (id bigint generated by default as identity, amount decimal(19,2) not null, from_account varchar(255) not null, to_account varchar(255) not null, transaction_date timestamp not null, primary key (id))
2017-12-04 01:16:16.354  INFO 10712 --- [main] c.r.b.t.rest.TransferRestApplication     : Started TransferRestApplication in 18.549 seconds (JVM running for 19.688)
2017-12-04 01:16:33.558 DEBUG 10712 --- [http-nio-9988-exec-1] c.r.b.t.r.c.AccountRestController        : addAccount :: controller invoked account=Account{name=raquibul, balance=500}
2017-12-04 01:16:33.683 DEBUG 10712 --- [http-nio-9988-exec-1] org.hibernate.SQL                        : select account0_.id as id1_0_0_, account0_.balance as balance2_0_0_, account0_.name as name3_0_0_ from account account0_ where account0_.id=?
2017-12-04 01:16:33.799 DEBUG 10712 --- [http-nio-9988-exec-1] org.hibernate.SQL                        : insert into account (id, balance, name) values (null, ?, ?)
2017-12-04 01:16:49.934 DEBUG 10712 --- [http-nio-9988-exec-3] c.r.b.t.r.c.AccountRestController        : getAllAccounts :: controller invoked
2017-12-04 01:16:50.239 DEBUG 10712 --- [http-nio-9988-exec-3] org.hibernate.SQL                        : select account0_.id as id1_0_, account0_.balance as balance2_0_, account0_.name as name3_0_ from account account0_
2017-12-04 01:17:10.695 DEBUG 10712 --- [http-nio-9988-exec-4] c.r.b.t.r.c.AccountRestController        : addAccount :: controller invoked account=Account{name=rifah, balance=50}
2017-12-04 01:17:10.695 DEBUG 10712 --- [http-nio-9988-exec-4] org.hibernate.SQL                        : select account0_.id as id1_0_0_, account0_.balance as balance2_0_0_, account0_.name as name3_0_0_ from account account0_ where account0_.id=?
2017-12-04 01:17:10.711 DEBUG 10712 --- [http-nio-9988-exec-4] org.hibernate.SQL                        : update account set balance=?, name=? where id=?
2017-12-04 01:17:20.881 DEBUG 10712 --- [http-nio-9988-exec-5] c.r.b.t.r.c.AccountRestController        : getAllAccounts :: controller invoked
2017-12-04 01:17:20.882 DEBUG 10712 --- [http-nio-9988-exec-5] org.hibernate.SQL                        : select account0_.id as id1_0_, account0_.balance as balance2_0_, account0_.name as name3_0_ from account account0_
2017-12-04 01:17:51.241 DEBUG 10712 --- [http-nio-9988-exec-6] c.r.b.t.r.c.AccountRestController        : addAccount :: controller invoked account=Account{name=raquibul, balance=500}
2017-12-04 01:17:51.246 DEBUG 10712 --- [http-nio-9988-exec-6] org.hibernate.SQL                        : insert into account (id, balance, name) values (null, ?, ?)
2017-12-04 01:18:02.625 DEBUG 10712 --- [http-nio-9988-exec-7] c.r.b.t.r.c.AccountRestController        : getAllAccounts :: controller invoked
2017-12-04 01:18:02.626 DEBUG 10712 --- [http-nio-9988-exec-7] org.hibernate.SQL                        : select account0_.id as id1_0_, account0_.balance as balance2_0_, account0_.name as name3_0_ from account account0_
2017-12-04 01:18:15.206 DEBUG 10712 --- [http-nio-9988-exec-8] c.r.b.t.r.c.AccountRestController        : addAccount :: controller invoked transfer=Transfer{fromAccount=raquibul, toAccount=rifah, amount=150, transferDate=null}
2017-12-04 01:18:15.268 DEBUG 10712 --- [http-nio-9988-exec-8] org.hibernate.SQL                        : select account0_.id as id1_0_, account0_.balance as balance2_0_, account0_.name as name3_0_ from account account0_ where account0_.name=? for update
2017-12-04 01:18:15.268 DEBUG 10712 --- [http-nio-9988-exec-8] org.hibernate.SQL                        : select account0_.id as id1_0_, account0_.balance as balance2_0_, account0_.name as name3_0_ from account account0_ where account0_.name=? for update
2017-12-04 01:18:15.289 DEBUG 10712 --- [http-nio-9988-exec-8] org.hibernate.SQL                        : insert into transfer (id, amount, from_account, to_account, transaction_date) values (null, ?, ?, ?, ?)
2017-12-04 01:18:15.302 DEBUG 10712 --- [http-nio-9988-exec-8] org.hibernate.SQL                        : update account set balance=?, name=? where id=?
2017-12-04 01:18:15.307 DEBUG 10712 --- [http-nio-9988-exec-8] org.hibernate.SQL                        : update account set balance=?, name=? where id=?
2017-12-04 01:18:25.597 DEBUG 10712 --- [http-nio-9988-exec-9] c.r.b.t.r.c.AccountRestController        : getAllAccounts :: controller invoked
2017-12-04 01:18:25.597 DEBUG 10712 --- [http-nio-9988-exec-9] org.hibernate.SQL                        : select account0_.id as id1_0_, account0_.balance as balance2_0_, account0_.name as name3_0_ from account account0_
2017-12-04 01:25:12.566 DEBUG 10712 --- [http-nio-9988-exec-1] c.r.b.t.r.c.AccountRestController        : deleteAccount :: controller invoked, account.ID=2
2017-12-04 01:25:12.566 DEBUG 10712 --- [http-nio-9988-exec-1] org.hibernate.SQL                        : select account0_.id as id1_0_0_, account0_.balance as balance2_0_0_, account0_.name as name3_0_0_ from account account0_ where account0_.id=?
2017-12-04 01:25:12.584 DEBUG 10712 --- [http-nio-9988-exec-1] org.hibernate.SQL                        : delete from account where id=?
2017-12-04 01:25:19.647 DEBUG 10712 --- [http-nio-9988-exec-3] c.r.b.t.r.c.AccountRestController        : deleteAccount :: controller invoked, account.ID=1
2017-12-04 01:25:19.648 DEBUG 10712 --- [http-nio-9988-exec-3] org.hibernate.SQL                        : select account0_.id as id1_0_0_, account0_.balance as balance2_0_0_, account0_.name as name3_0_0_ from account account0_ where account0_.id=?
2017-12-04 01:25:19.650 DEBUG 10712 --- [http-nio-9988-exec-3] org.hibernate.SQL                        : delete from account where id=?
2017-12-04 01:25:25.065 DEBUG 10712 --- [http-nio-9988-exec-4] c.r.b.t.r.c.AccountRestController        : getAllAccounts :: controller invoked
2017-12-04 01:25:25.065 DEBUG 10712 --- [http-nio-9988-exec-4] org.hibernate.SQL                        : select account0_.id as id1_0_, account0_.balance as balance2_0_, account0_.name as name3_0_ from account account0_
2017-12-04 01:25:44.665 DEBUG 10712 --- [http-nio-9988-exec-5] c.r.b.t.r.c.AccountRestController        : addAccount :: controller invoked account=Account{name=rifah, balance=50}
2017-12-04 01:25:44.665 DEBUG 10712 --- [http-nio-9988-exec-5] org.hibernate.SQL                        : insert into account (id, balance, name) values (null, ?, ?)
2017-12-04 01:25:51.429 DEBUG 10712 --- [Thread-4] org.hibernate.SQL                        : drop table account if exists
2017-12-04 01:25:51.457 DEBUG 10712 --- [Thread-4] org.hibernate.SQL                        : drop table transfer if exists
2017-12-04 01:25:56.587  INFO 6960 --- [main] c.r.b.t.rest.TransferRestApplication     : Starting TransferRestApplication v0.1.0-SNAPSHOT on INL-DYS2T02 with PID 6960 (C:\MyWork\banking-service\target\transfer.jar started by raquibul.hasan in C:\MyWork\banking-service)
2017-12-04 01:25:56.599 DEBUG 6960 --- [main] c.r.b.t.rest.TransferRestApplication     : Running with Spring Boot v1.5.9.RELEASE, Spring v4.3.13.RELEASE
2017-12-04 01:25:56.602  INFO 6960 --- [main] c.r.b.t.rest.TransferRestApplication     : The following profiles are active: dev
2017-12-04 01:26:08.289 DEBUG 6960 --- [main] org.hibernate.SQL                        : drop table account if exists
2017-12-04 01:26:08.289 DEBUG 6960 --- [main] org.hibernate.SQL                        : drop table transfer if exists
2017-12-04 01:26:08.289 DEBUG 6960 --- [main] org.hibernate.SQL                        : create table account (id bigint generated by default as identity, balance decimal(19,2) not null, name varchar(255) not null, primary key (id))
2017-12-04 01:26:08.305 DEBUG 6960 --- [main] org.hibernate.SQL                        : create table transfer (id bigint generated by default as identity, amount decimal(19,2) not null, from_account varchar(255) not null, to_account varchar(255) not null, transaction_date timestamp not null, primary key (id))
2017-12-04 01:26:13.356  INFO 6960 --- [main] c.r.b.t.rest.TransferRestApplication     : Started TransferRestApplication in 18.117 seconds (JVM running for 19.39)
2017-12-04 01:26:29.882 DEBUG 6960 --- [http-nio-9988-exec-2] c.r.b.t.r.c.AccountRestController        : addAccount :: controller invoked account=Account{name=rifah, balance=50}
2017-12-04 01:26:29.973 DEBUG 6960 --- [http-nio-9988-exec-2] org.hibernate.SQL                        : insert into account (id, balance, name) values (null, ?, ?)
2017-12-04 01:29:51.781 DEBUG 6960 --- [http-nio-9988-exec-5] c.r.b.t.r.c.AccountRestController        : addAccount :: controller invoked account=Account{name=raquibul, balance=500}
2017-12-04 01:29:51.782 DEBUG 6960 --- [http-nio-9988-exec-5] org.hibernate.SQL                        : insert into account (id, balance, name) values (null, ?, ?)
2017-12-04 01:30:36.524 DEBUG 6960 --- [http-nio-9988-exec-6] c.r.b.t.r.c.AccountRestController        : getAllAccounts :: controller invoked
2017-12-04 01:30:36.887 DEBUG 6960 --- [http-nio-9988-exec-6] org.hibernate.SQL                        : select account0_.id as id1_0_, account0_.balance as balance2_0_, account0_.name as name3_0_ from account account0_
2017-12-04 01:32:17.278 DEBUG 6960 --- [http-nio-9988-exec-9] c.r.b.t.r.c.AccountRestController        : addAccount :: controller invoked transfer=Transfer{fromAccount=raquibul, toAccount=rifah, amount=150, transferDate=null}
2017-12-04 01:32:17.335 DEBUG 6960 --- [http-nio-9988-exec-9] org.hibernate.SQL                        : select account0_.id as id1_0_, account0_.balance as balance2_0_, account0_.name as name3_0_ from account account0_ where account0_.name=? for update
2017-12-04 01:32:17.340 DEBUG 6960 --- [http-nio-9988-exec-9] org.hibernate.SQL                        : select account0_.id as id1_0_, account0_.balance as balance2_0_, account0_.name as name3_0_ from account account0_ where account0_.name=? for update
2017-12-04 01:32:17.360 DEBUG 6960 --- [http-nio-9988-exec-9] org.hibernate.SQL                        : insert into transfer (id, amount, from_account, to_account, transaction_date) values (null, ?, ?, ?, ?)
2017-12-04 01:32:17.403 DEBUG 6960 --- [http-nio-9988-exec-9] org.hibernate.SQL                        : update account set balance=?, name=? where id=?
2017-12-04 01:32:17.410 DEBUG 6960 --- [http-nio-9988-exec-9] org.hibernate.SQL                        : update account set balance=?, name=? where id=?
2017-12-04 01:33:15.733 DEBUG 6960 --- [http-nio-9988-exec-10] c.r.b.t.r.c.AccountRestController        : getAllAccounts :: controller invoked
2017-12-04 01:33:15.734 DEBUG 6960 --- [http-nio-9988-exec-10] org.hibernate.SQL                        : select account0_.id as id1_0_, account0_.balance as balance2_0_, account0_.name as name3_0_ from account account0_
2017-12-04 01:34:06.183 DEBUG 6960 --- [http-nio-9988-exec-1] c.r.b.t.r.c.AccountRestController        : getAllTransactions :: controller invoked
2017-12-04 01:34:06.187 DEBUG 6960 --- [http-nio-9988-exec-1] org.hibernate.SQL                        : select transfer0_.id as id1_1_, transfer0_.amount as amount2_1_, transfer0_.from_account as from_acc3_1_, transfer0_.to_account as to_accou4_1_, transfer0_.transaction_date as transact5_1_ from transfer transfer0_
2017-12-04 01:34:50.369 DEBUG 6960 --- [Thread-4] org.hibernate.SQL                        : drop table account if exists
2017-12-04 01:34:50.376 DEBUG 6960 --- [Thread-4] org.hibernate.SQL                        : drop table transfer if exists
2017-12-04 02:07:10.566  INFO 7388 --- [main] c.r.b.t.rest.TransferRestApplication     : Starting TransferRestApplication v0.1.0-SNAPSHOT on INL-DYS2T02 with PID 7388 (C:\MyWork\banking-service\target\transfer.jar started by raquibul.hasan in C:\MyWork\banking-service)
2017-12-04 02:07:10.576 DEBUG 7388 --- [main] c.r.b.t.rest.TransferRestApplication     : Running with Spring Boot v1.5.9.RELEASE, Spring v4.3.13.RELEASE
2017-12-04 02:07:10.576  INFO 7388 --- [main] c.r.b.t.rest.TransferRestApplication     : The following profiles are active: dev
2017-12-04 02:07:21.692 DEBUG 7388 --- [main] org.hibernate.SQL                        : drop table account if exists
2017-12-04 02:07:21.697 DEBUG 7388 --- [main] org.hibernate.SQL                        : drop table transfer if exists
2017-12-04 02:07:21.700 DEBUG 7388 --- [main] org.hibernate.SQL                        : create table account (id bigint generated by default as identity, balance decimal(19,2) not null, name varchar(255) not null, primary key (id))
2017-12-04 02:07:21.720 DEBUG 7388 --- [main] org.hibernate.SQL                        : create table transfer (id bigint generated by default as identity, amount decimal(19,2) not null, from_account varchar(255) not null, to_account varchar(255) not null, transaction_date timestamp not null, primary key (id))
2017-12-04 02:07:26.599  INFO 7388 --- [main] c.r.b.t.rest.TransferRestApplication     : Started TransferRestApplication in 17.363 seconds (JVM running for 18.514)
2017-12-04 02:09:25.660 DEBUG 7388 --- [Thread-4] org.hibernate.SQL                        : drop table account if exists
2017-12-04 02:09:25.678 DEBUG 7388 --- [Thread-4] org.hibernate.SQL                        : drop table transfer if exists
2017-12-04 02:16:37.209  INFO 1108 --- [main] c.r.b.t.rest.TransferRestApplication     : Starting TransferRestApplication v0.1.0-SNAPSHOT on INL-DYS2T02 with PID 1108 (C:\MyWork\banking-service\target\transfer.jar started by raquibul.hasan in C:\MyWork\banking-service)
2017-12-04 02:16:37.216 DEBUG 1108 --- [main] c.r.b.t.rest.TransferRestApplication     : Running with Spring Boot v1.5.9.RELEASE, Spring v4.3.13.RELEASE
2017-12-04 02:16:37.216  INFO 1108 --- [main] c.r.b.t.rest.TransferRestApplication     : The following profiles are active: dev
2017-12-04 02:16:48.559 DEBUG 1108 --- [main] org.hibernate.SQL                        : drop table account if exists
2017-12-04 02:16:48.564 DEBUG 1108 --- [main] org.hibernate.SQL                        : drop table transfer if exists
2017-12-04 02:16:48.564 DEBUG 1108 --- [main] org.hibernate.SQL                        : create table account (id bigint generated by default as identity, balance decimal(19,2) not null, name varchar(255) not null, primary key (id))
2017-12-04 02:16:48.582 DEBUG 1108 --- [main] org.hibernate.SQL                        : create table transfer (id bigint generated by default as identity, amount decimal(19,2) not null, from_account varchar(255) not null, to_account varchar(255) not null, transaction_date timestamp not null, primary key (id))
2017-12-04 02:16:53.651  INFO 1108 --- [main] c.r.b.t.rest.TransferRestApplication     : Started TransferRestApplication in 18.361 seconds (JVM running for 19.574)
2017-12-04 02:35:36.261 DEBUG 1108 --- [Thread-4] org.hibernate.SQL                        : drop table account if exists
2017-12-04 02:35:36.284 DEBUG 1108 --- [Thread-4] org.hibernate.SQL                        : drop table transfer if exists
2017-12-04 02:40:12.099  INFO 14232 --- [main] c.r.b.t.rest.TransferRestApplication     : Starting TransferRestApplication v0.1.0-SNAPSHOT on INL-DYS2T02 with PID 14232 (C:\MyWork\banking-service\target\transfer.jar started by raquibul.hasan in C:\MyWork\banking-service)
2017-12-04 02:40:12.099 DEBUG 14232 --- [main] c.r.b.t.rest.TransferRestApplication     : Running with Spring Boot v1.5.9.RELEASE, Spring v4.3.13.RELEASE
2017-12-04 02:40:12.099  INFO 14232 --- [main] c.r.b.t.rest.TransferRestApplication     : The following profiles are active: dev
2017-12-04 02:40:23.379 DEBUG 14232 --- [main] org.hibernate.SQL                        : drop table account if exists
2017-12-04 02:40:23.379 DEBUG 14232 --- [main] org.hibernate.SQL                        : drop table transfer if exists
2017-12-04 02:40:23.379 DEBUG 14232 --- [main] org.hibernate.SQL                        : create table account (id bigint generated by default as identity, balance decimal(19,2) not null, name varchar(255) not null, primary key (id))
2017-12-04 02:40:23.395 DEBUG 14232 --- [main] org.hibernate.SQL                        : create table transfer (id bigint generated by default as identity, amount decimal(19,2) not null, from_account varchar(255) not null, to_account varchar(255) not null, transaction_date timestamp not null, primary key (id))
2017-12-04 02:40:28.307  INFO 14232 --- [main] c.r.b.t.rest.TransferRestApplication     : Started TransferRestApplication in 17.595 seconds (JVM running for 18.731)
2017-12-04 03:07:06.099 DEBUG 14232 --- [Thread-4] org.hibernate.SQL                        : drop table account if exists
2017-12-04 03:07:06.119 DEBUG 14232 --- [Thread-4] org.hibernate.SQL                        : drop table transfer if exists
